[Dec 29, 2012 5:11:03 PM] Mission: Ezh/targets.mis is Playing
[5:11:03 PM] Mission BEGIN
[5:11:17 PM] =Bb=4xSH has connected
[5:11:45 PM] =Bb=4xSH selected army Blue at 7059.0 48472.0
[5:12:07 PM] =Bb=4xSH:Bf-110G-2(0) seat occupied by =Bb=4xSH at 6636.4375 48570.1
[5:12:07 PM] =Bb=4xSH:Bf-110G-2 loaded weapons '2sd500' fuel 60%
[5:13:28 PM] =Bb=4xSH:Bf-110G-2 in flight at 8179.9556 48549.76
[5:15:22 PM] 0_Static destroyed by =Bb=4xSH:Bf-110G-2 at 9121.52 49015.93
[5:15:22 PM] Target 3 Complete

[5:17:41 PM]  Bridge0 destroyed by =Bb=4xSH:Bf-110G-2 at 11108.0 47692.0

[5:17:41 PM] Target 4 Complete
[5:17:43 PM] =Bb=4xSH:Bf-110G-2(0) seat occupied by =Bb=4xSH at 12083.799 46785.19
[5:19:48 PM] 7_Static destroyed by =Bb=4xSH:Bf-110G-2 at 12584.64 47798.87
[5:19:48 PM] 6_Static destroyed by =Bb=4xSH:Bf-110G-2 at 12603.46 47798.72
[5:19:49 PM] 5_Static destroyed by =Bb=4xSH:Bf-110G-2 at 12622.87 47798.22
[5:19:49 PM] 3_Static destroyed by =Bb=4xSH:Bf-110G-2 at 12661.65 47798.07
[5:19:49 PM] 4_Static destroyed by =Bb=4xSH:Bf-110G-2 at 12643.76 47798.45
[5:19:49 PM] Target 0 Complete
[5:19:49 PM] 2_Static destroyed by =Bb=4xSH:Bf-110G-2 at 12682.13 47797.77
[5:19:49 PM] 1_Static destroyed by =Bb=4xSH:Bf-110G-2 at 12701.3 47797.68
[5:19:49 PM] =Bb=4xSH:Bf-110G-2(1) was wounded at 12598.38 47811.04
[5:19:49 PM] =Bb=4xSH:Bf-110G-2(0) was killed at 12598.38 47811.04
[5:19:49 PM] =Bb=4xSH:Bf-110G-2 crashed at 12598.38 47811.04
[5:19:49 PM] Target 5 Failed
[Dec 29, 2012 5:19:49 PM] Mission: RED WON
[5:19:58 PM] =Bb=4xSH entered refly menu
[5:20:00 PM] =Bb=4xSH:Bf-110G-2(0) seat occupied by =Bb=4xSH at 6636.4375 48570.1
[5:20:00 PM] =Bb=4xSH:Bf-110G-2 loaded weapons '2sd500' fuel 60%
[5:23:26 PM] =Bb=4xSH:Bf-110G-2 in flight at 8031.511 47753.996
[5:25:03 PM] 0_Chief3 destroyed by 0_Chief2 at 11185.986 43985.984
[5:25:05 PM] 0_Chief4 destroyed by 0_Chief2 at 11189.728 43989.727
[5:25:05 PM] 0_Chief2 crashed at 11208.447 44008.45
[5:25:06 PM] 0_Chief5 destroyed by 0_Chief2 at 11185.697 43985.695
[5:25:08 PM] 0_Chief6 destroyed by 0_Chief2 at 11176.761 43976.76
[5:25:10 PM] 0_Chief7 destroyed by 0_Chief2 at 11167.809 43967.81
[5:25:10 PM] Target 1 Complete
[5:25:12 PM] 0_Chief8 destroyed by 0_Chief2 at 11158.855 43958.855
[5:25:13 PM] =Bb=4xSH:Bf-110G-2(0) was killed at 11131.082 43938.766
[5:25:13 PM] =Bb=4xSH:Bf-110G-2 shot down by 0_Chief2 at 11131.082 43938.766
[5:25:14 PM] 0_Chief9 destroyed by 0_Chief2 at 11149.903 43949.902
[5:25:15 PM] 0_Chief10 destroyed by 0_Chief2 at 11140.951 43940.95
[5:25:53 PM] =Bb=4xSH entered refly menu
