[Dec 23, 2012 8:26:45 PM] Mission: net/EF_Kavkaz_1942/EF_Kavkaz_1942.mis is Playing
[8:26:45 PM] Mission BEGIN
[8:27:00 PM] =Bb=4xSH has connected
[8:28:27 PM] 212_Static crashed at 41290.15 34698.45
[8:28:27 PM] 219_Static crashed at 30368.55 39841.98
[8:28:27 PM] 221_Static crashed at 30394.74 39313.75
[8:28:27 PM] 222_Static crashed at 30566.52 39590.31
[8:28:27 PM] 225_Static crashed at 26212.44 34216.33
[8:28:27 PM] 228_Static crashed at 25866.26 32863.33
[8:28:27 PM] 231_Static crashed at 26532.6 33459.84
[8:28:27 PM] 242_Static crashed at 8091.1 21367.35
[8:28:27 PM] 253_Static crashed at 12068.93 26871.12
[8:28:27 PM] 255_Static crashed at 10980.26 26907.07
[8:28:27 PM] 256_Static crashed at 11584.98 27240.47
[8:28:27 PM] 263_Static crashed at 24000.66 17829.9
[8:28:27 PM] 282_Static crashed at 20839.36 27381.17
[8:28:27 PM] 301_Static crashed at 19496.4 25603.36
[8:28:27 PM] 343_Static crashed at 21930.91 25092.37
[8:28:27 PM] 366_Static crashed at 23000.67 22002.02
[8:28:27 PM] 369_Static crashed at 22739.28 22264.46
[8:28:27 PM] 395_Static crashed at 23683.19 28573.04
[8:28:27 PM] 399_Static crashed at 23284.85 28425.76
[8:28:27 PM] 458_Static crashed at 25490.46 30493.76
[8:28:27 PM] 489_Static crashed at 15646.25 7900.79
[8:28:27 PM] 491_Static crashed at 16471.03 6774.81
[8:28:27 PM] 493_Static crashed at 16155.41 6988.65
[8:28:27 PM] 501_Static crashed at 45007.62 34471.49
[8:28:27 PM] 508_Static crashed at 45925.59 30625.76
[8:28:27 PM] 515_Static crashed at 45705.8 35003.99
[8:28:27 PM] 623_Static crashed at 13254.59 45597.71
[8:28:27 PM] 624_Static crashed at 13230.71 45635.56
[8:28:27 PM] 625_Static crashed at 13619.06 44271.09
[8:28:27 PM] 626_Static crashed at 13269.37 45644.15
[8:28:27 PM] 629_Static crashed at 13295.37 45241.51
[8:28:27 PM] 632_Static crashed at 11082.88 44138.83
[8:28:27 PM] 633_Static crashed at 11417.77 43646.89
[8:28:27 PM] 635_Static crashed at 11363.0 44102.97
[8:28:27 PM] 690_Static crashed at 23481.99 29717.06
[8:28:27 PM] 232_Static crashed at 17546.1 16923.64
[8:28:27 PM] 968_Static crashed at 22106.97 24296.07
[8:28:27 PM] 1011_Static crashed at 41502.37 16116.78
[8:28:27 PM] 1015_Static crashed at 41793.97 16044.96
[8:28:27 PM] 1017_Static crashed at 41501.62 16162.2
[8:28:27 PM] 1016_Static crashed at 41500.86 16139.75
[8:28:27 PM] 1041_Static crashed at 47484.29 17287.35
[8:28:27 PM] 1042_Static crashed at 47375.52 17178.49
[8:28:27 PM] 1043_Static crashed at 47326.01 17129.64
[8:28:27 PM] 1044_Static crashed at 47244.48 17048.15
[8:28:27 PM] 709_Static crashed at 17232.59 7996.2
[8:28:28 PM] 1101_Static crashed at 27907.36 45085.3
[8:28:28 PM] 1102_Static crashed at 27997.04 45083.34
[8:28:28 PM] 1103_Static crashed at 27906.22 45009.04
[8:28:28 PM] 1104_Static crashed at 27993.68 45008.96
[8:28:28 PM] 1129_Static crashed at 13142.96 40221.48
[8:28:28 PM] 1132_Static crashed at 13260.7 40335.54
[8:28:28 PM] 1136_Static crashed at 13128.93 39489.15
[8:28:28 PM] 247_Static crashed at 7323.73 20609.84
[8:28:28 PM] 217_Static crashed at 26178.8 32681.61
[8:28:28 PM] 442_Static crashed at 26580.59 34095.6
[8:28:28 PM] 240_Static crashed at 23659.13 18978.5
[8:28:28 PM] 390_Static crashed at 24641.08 28667.61
[8:28:28 PM] 731_Static crashed at 44625.35 29713.71
[8:28:28 PM] 38_Static crashed at 41543.27 17183.22
[8:28:28 PM] 693_Static crashed at 17329.01 7935.52
[8:28:28 PM] 244_Static crashed at 7205.8 20106.95
[8:28:28 PM] 6_Static crashed at 7003.65 20266.05
[8:28:28 PM] 7_Static crashed at 8314.12 21166.75
[8:28:28 PM] 13_Static crashed at 8068.93 21382.31
[8:28:28 PM] 18_Static crashed at 17272.1 17542.03
[8:28:28 PM] 28_Static crashed at 17299.2 17545.61
[8:28:28 PM] 29_Static crashed at 17550.43 17620.87
[8:28:28 PM] 32_Static crashed at 17547.5 17630.81
[8:28:28 PM] 34_Static crashed at 18090.31 16290.54
[8:28:28 PM] 44_Static crashed at 12646.73 26923.57
[8:28:28 PM] 52_Static crashed at 23597.31 19021.31
[8:28:28 PM] 54_Static crashed at 24011.09 19130.64
[8:28:28 PM] 55_Static crashed at 12646.89 26913.7
[8:28:28 PM] 58_Static crashed at 12636.45 26903.76
[8:28:28 PM] 64_Static crashed at 12626.2 26903.43
[8:28:28 PM] 67_Static crashed at 11146.57 27156.1
[8:28:28 PM] 68_Static crashed at 11146.78 27164.68
[8:28:28 PM] 69_Static crashed at 11146.71 27173.68
[8:28:28 PM] 87_Static crashed at 11337.23 26848.74
[8:28:28 PM] 88_Static crashed at 24392.54 17588.4
[8:28:28 PM] 89_Static crashed at 24409.89 17607.22
[8:28:28 PM] 92_Static crashed at 24429.58 17626.72
[8:28:28 PM] 93_Static crashed at 24446.96 17645.52
[8:28:28 PM] 94_Static crashed at 24077.87 19059.15
[8:28:28 PM] 98_Static crashed at 24073.12 19070.89
[8:28:28 PM] 106_Static crashed at 17555.03 17627.82
[8:28:28 PM] 108_Static crashed at 11619.49 27240.03
[8:28:28 PM] 111_Static crashed at 11628.27 27238.54
[8:28:28 PM] 113_Static crashed at 23101.76 19759.46
[8:28:29 PM] 114_Static crashed at 23102.14 19708.97
[8:28:29 PM] 115_Static crashed at 23093.6 19690.06
[8:28:29 PM] 116_Static crashed at 23076.3 19673.15
[8:28:29 PM] 8_Static crashed at 41093.17 35104.93
[8:28:29 PM] 117_Static crashed at 40613.02 35857.3
[8:28:29 PM] 136_Static crashed at 39848.4 34801.46
[8:28:29 PM] 137_Static crashed at 39977.87 35529.38
[8:28:29 PM] 138_Static crashed at 40276.62 34871.95
[8:28:29 PM] 139_Static crashed at 40807.5 35093.59
[8:28:29 PM] 147_Static crashed at 40361.22 35794.7
[8:28:29 PM] 148_Static crashed at 41006.86 34461.64
[8:28:34 PM] =Bb=4xSH selected army Blue at 17701.0 16885.0
[8:28:40 PM] =Bb=Bitter has connected
[8:28:42 PM] =Bb=4xSH:Bf-109G-2(0) seat occupied by =Bb=4xSH at 17438.791 17235.879
[8:28:42 PM] =Bb=4xSH:Bf-109G-2 loaded weapons 'R6-MG151-20' fuel 60%
[8:29:58 PM] =Bb=Bitter selected army Blue at 24043.0 18336.0
[8:30:11 PM] =Bb=Bitter selected army Blue at 17701.0 16885.0
[8:30:35 PM] =Bb=Bitter:Bf-109G-2(0) seat occupied by =Bb=Bitter at 17955.262 16524.578
[8:30:35 PM] =Bb=Bitter:Bf-109G-2 loaded weapons 'R6-MG151-20' fuel 60%
[8:31:15 PM] =Bb=4xSH:Bf-109G-2 in flight at 17266.764 17886.92
[8:31:27 PM] =Bb=Bitter:Bf-109G-2 in flight at 17499.45 17672.783
[8:36:18 PM] SB_2M-103(0) was killed by =Bb=Bitter:Bf-109G-2 at 5313.5684 31680.951
[8:36:18 PM] SB_2M-103(1) was wounded at 5313.5684 31680.951
[8:36:19 PM] SB_2M-103(1) was heavily wounded at 5299.991 31689.113
[8:36:24 PM] SB_2M-103(1) bailed out at 4847.381 31991.938
[8:36:25 PM] SB_2M-103(2) bailed out at 4749.8716 32079.82

[8:37:28 PM] SB_2M-103 shot down by =Bb=4xSH:Bf-109G-2 and =Bb=Bitter:Bf-109G-2 at 3458.8984 34003.77

[8:40:25 PM] =Bb=4xSH:Bf-109G-2 landed at 12455.778 27014.27
[8:40:27 PM] =Bb=4xSH entered refly menu
[8:40:28 PM] =Bb=4xSH:Bf-109G-2(0) seat occupied by =Bb=4xSH at 17438.791 17235.879
[8:40:28 PM] =Bb=4xSH:Bf-109G-2 loaded weapons 'R6-MG151-20' fuel 60%
[8:40:45 PM] =Bb=Bitter:Bf-109G-2 landed at 12188.693 27094.088
[8:40:45 PM] =Bb=Bitter:Bf-109G-2 damaged on the ground at 12188.693 27094.088
[8:40:48 PM] =Bb=Bitter entered refly menu
[8:40:49 PM] =Bb=Bitter:Bf-109G-2(0) seat occupied by =Bb=Bitter at 17955.262 16524.578
[8:40:49 PM] =Bb=Bitter:Bf-109G-2 loaded weapons 'R6-MG151-20' fuel 60%
[8:41:02 PM] =Bb=Bitter entered refly menu
[8:41:15 PM] =Bb=Bitter selected army Red at 40661.0 35037.0
[8:41:26 PM] =Bb=Bitter:La-5(0) seat occupied by =Bb=Bitter at 40410.14 34993.406
[8:41:26 PM] =Bb=Bitter:La-5 loaded weapons 'default' fuel 50%
[8:42:48 PM] =Bb=Bitter:La-5 in flight at 41502.777 34533.586
